<?xml version="1.0" encoding="UTF-8"?>
<!-- Generated by org.testng.reporters.JUnitXMLReporter -->
<testsuite hostname="GSR-Lap31" ignored="3" name="Practice_Grouping" tests="4" failures="0" timestamp="12 Mar 2018 19:15:16 GMT" time="0.131" errors="0">
  <testcase name="Car1" time="0.017" classname="workSelenium.TestNG_Groups"/>
  <testcase name="Car2" time="0.004" classname="workSelenium.TestNG_Groups"/>
  <testcase name="Car3" time="0.015" classname="workSelenium.TestNG_Groups"/>
  <testcase name="Sedan1" time="0.002" classname="workSelenium.TestNG_Groups"/>
  <testcase name="Scooter2" time="0.0" classname="workSelenium.TestNG_Groups">
    <ignored/>
  </testcase> <!-- Scooter2 -->
  <testcase name="Scooter1" time="0.0" classname="workSelenium.TestNG_Groups">
    <ignored/>
  </testcase> <!-- Scooter1 -->
  <testcase name="Van1" time="0.0" classname="workSelenium.TestNG_Groups">
    <ignored/>
  </testcase> <!-- Van1 -->
</testsuite> <!-- Practice_Grouping -->
