<?xml version="1.0" encoding="UTF-8"?>
<testng-results skipped="0" failed="0" ignored="0" total="1" passed="1">
  <reporter-output>
  </reporter-output>
  <suite name="TestNG_Parameters Suite" duration-ms="8606" started-at="2018-03-15T09:20:42Z" finished-at="2018-03-15T09:20:51Z">
    <groups>
    </groups>
    <test name="TestNG_Test_Parameters" duration-ms="8606" started-at="2018-03-15T09:20:42Z" finished-at="2018-03-15T09:20:51Z">
      <class name="workSelenium.TestNGParameters">
        <test-method status="PASS" signature="test(java.lang.String, java.lang.String)[pri:0, instance:workSelenium.TestNGParameters@464bee09]" name="test" duration-ms="8576" started-at="2018-03-15T09:20:42Z" finished-at="2018-03-15T09:20:51Z">
          <params>
            <param index="0">
              <value>
                <![CDATA[Denzel]]>
              </value>
            </param>
            <param index="1">
              <value>
                <![CDATA[Washington]]>
              </value>
            </param>
          </params>
          <reporter-output>
          </reporter-output>
        </test-method> <!-- test -->
      </class> <!-- workSelenium.TestNGParameters -->
    </test> <!-- TestNG_Test_Parameters -->
  </suite> <!-- TestNG_Parameters Suite -->
</testng-results>
