<?xml version="1.0" encoding="UTF-8"?>
<testng-results skipped="0" failed="0" ignored="0" total="2" passed="2">
  <reporter-output>
  </reporter-output>
  <suite name="TestNG_Parameters Suite" duration-ms="32116" started-at="2018-03-19T08:54:40Z" finished-at="2018-03-19T08:55:12Z">
    <groups>
    </groups>
    <test name="TestNG_Test_Parameters" duration-ms="32116" started-at="2018-03-19T08:54:40Z" finished-at="2018-03-19T08:55:12Z">
      <class name="workSelenium.TestNGParameters">
        <test-method status="PASS" signature="test(java.lang.String, java.lang.String)[pri:0, instance:workSelenium.TestNGParameters@4d1b0d2a]" name="test" duration-ms="19648" started-at="2018-03-19T08:54:40Z" finished-at="2018-03-19T08:55:00Z">
          <params>
            <param index="0">
              <value>
                <![CDATA[Denzel]]>
              </value>
            </param>
            <param index="1">
              <value>
                <![CDATA[Washington]]>
              </value>
            </param>
          </params>
          <reporter-output>
          </reporter-output>
        </test-method> <!-- test -->
        <test-method status="PASS" signature="test(java.lang.String, java.lang.String)[pri:0, instance:workSelenium.TestNGParameters@4d1b0d2a]" name="test" duration-ms="12399" started-at="2018-03-19T08:55:00Z" finished-at="2018-03-19T08:55:12Z">
          <params>
            <param index="0">
              <value>
                <![CDATA[Denzel]]>
              </value>
            </param>
            <param index="1">
              <value>
                <![CDATA[Washington]]>
              </value>
            </param>
          </params>
          <reporter-output>
          </reporter-output>
        </test-method> <!-- test -->
      </class> <!-- workSelenium.TestNGParameters -->
    </test> <!-- TestNG_Test_Parameters -->
  </suite> <!-- TestNG_Parameters Suite -->
</testng-results>
